# HELP go_gc_duration_seconds A summary of the GC invocation durations.
# TYPE go_gc_duration_seconds summary
go_gc_duration_seconds{quantile="0"} 2.9527e-05
go_gc_duration_seconds{quantile="0.25"} 6.0248e-05
go_gc_duration_seconds{quantile="0.5"} 7.3535e-05
go_gc_duration_seconds{quantile="0.75"} 9.8275e-05
go_gc_duration_seconds{quantile="1"} 0.001208851
go_gc_duration_seconds_sum 0.885295772
go_gc_duration_seconds_count 9004
# HELP go_goroutines Number of goroutines that currently exist.
# TYPE go_goroutines gauge
go_goroutines 13
# HELP go_memstats_alloc_bytes Number of bytes allocated and still in use.
# TYPE go_memstats_alloc_bytes gauge
go_memstats_alloc_bytes 2.332256e+06
# HELP go_memstats_alloc_bytes_total Total number of bytes allocated, even if freed.
# TYPE go_memstats_alloc_bytes_total counter
go_memstats_alloc_bytes_total 2.1127725456e+10
# HELP go_memstats_buck_hash_sys_bytes Number of bytes used by the profiling bucket hash table.
# TYPE go_memstats_buck_hash_sys_bytes gauge
go_memstats_buck_hash_sys_bytes 1.596802e+06
# HELP go_memstats_frees_total Total number of frees.
# TYPE go_memstats_frees_total counter
go_memstats_frees_total 1.8088979e+08
# HELP go_memstats_gc_sys_bytes Number of bytes used for garbage collection system metadata.
# TYPE go_memstats_gc_sys_bytes gauge
go_memstats_gc_sys_bytes 442368
# HELP go_memstats_heap_alloc_bytes Number of heap bytes allocated and still in use.
# TYPE go_memstats_heap_alloc_bytes gauge
go_memstats_heap_alloc_bytes 2.332256e+06
# HELP go_memstats_heap_idle_bytes Number of heap bytes waiting to be used.
# TYPE go_memstats_heap_idle_bytes gauge
go_memstats_heap_idle_bytes 2.94912e+06
# HELP go_memstats_heap_inuse_bytes Number of heap bytes that are in use.
# TYPE go_memstats_heap_inuse_bytes gauge
go_memstats_heap_inuse_bytes 3.670016e+06
# HELP go_memstats_heap_objects Number of allocated objects.
# TYPE go_memstats_heap_objects gauge
go_memstats_heap_objects 10287
# HELP go_memstats_heap_released_bytes_total Total number of heap bytes released to OS.
# TYPE go_memstats_heap_released_bytes_total counter
go_memstats_heap_released_bytes_total 0
# HELP go_memstats_heap_sys_bytes Number of heap bytes obtained from system.
# TYPE go_memstats_heap_sys_bytes gauge
go_memstats_heap_sys_bytes 6.619136e+06
# HELP go_memstats_last_gc_time_seconds Number of seconds since 1970 of last garbage collection.
# TYPE go_memstats_last_gc_time_seconds gauge
go_memstats_last_gc_time_seconds 1.5403784222319393e+09
# HELP go_memstats_lookups_total Total number of pointer lookups.
# TYPE go_memstats_lookups_total counter
go_memstats_lookups_total 4.974736e+06
# HELP go_memstats_mallocs_total Total number of mallocs.
# TYPE go_memstats_mallocs_total counter
go_memstats_mallocs_total 1.80900077e+08
# HELP go_memstats_mcache_inuse_bytes Number of bytes in use by mcache structures.
# TYPE go_memstats_mcache_inuse_bytes gauge
go_memstats_mcache_inuse_bytes 6944
# HELP go_memstats_mcache_sys_bytes Number of bytes used for mcache structures obtained from system.
# TYPE go_memstats_mcache_sys_bytes gauge
go_memstats_mcache_sys_bytes 16384
# HELP go_memstats_mspan_inuse_bytes Number of bytes in use by mspan structures.
# TYPE go_memstats_mspan_inuse_bytes gauge
go_memstats_mspan_inuse_bytes 51376
# HELP go_memstats_mspan_sys_bytes Number of bytes used for mspan structures obtained from system.
# TYPE go_memstats_mspan_sys_bytes gauge
go_memstats_mspan_sys_bytes 81920
# HELP go_memstats_next_gc_bytes Number of heap bytes when next garbage collection will take place.
# TYPE go_memstats_next_gc_bytes gauge
go_memstats_next_gc_bytes 4.48632e+06
# HELP go_memstats_other_sys_bytes Number of bytes used for other system allocations.
# TYPE go_memstats_other_sys_bytes gauge
go_memstats_other_sys_bytes 1.11295e+06
# HELP go_memstats_stack_inuse_bytes Number of bytes in use by the stack allocator.
# TYPE go_memstats_stack_inuse_bytes gauge
go_memstats_stack_inuse_bytes 720896
# HELP go_memstats_stack_sys_bytes Number of bytes obtained from system for stack allocator.
# TYPE go_memstats_stack_sys_bytes gauge
go_memstats_stack_sys_bytes 720896
# HELP go_memstats_sys_bytes Number of bytes obtained by system. Sum of all system allocations.
# TYPE go_memstats_sys_bytes gauge
go_memstats_sys_bytes 1.0590456e+07
# HELP http_request_duration_microseconds The HTTP request latencies in microseconds.
# TYPE http_request_duration_microseconds summary
http_request_duration_microseconds{handler="prometheus",quantile="0.5"} 18464.48
http_request_duration_microseconds{handler="prometheus",quantile="0.9"} 21356.579
http_request_duration_microseconds{handler="prometheus",quantile="0.99"} 22628.037
http_request_duration_microseconds_sum{handler="prometheus"} 1.4443015000699982e+08
http_request_duration_microseconds_count{handler="prometheus"} 7621
# HELP http_request_size_bytes The HTTP request sizes in bytes.
# TYPE http_request_size_bytes summary
http_request_size_bytes{handler="prometheus",quantile="0.5"} 169
http_request_size_bytes{handler="prometheus",quantile="0.9"} 169
http_request_size_bytes{handler="prometheus",quantile="0.99"} 169
http_request_size_bytes_sum{handler="prometheus"} 1.286692e+06
http_request_size_bytes_count{handler="prometheus"} 7621
# HELP http_requests_total Total number of HTTP requests made.
# TYPE http_requests_total counter
http_requests_total{code="200",handler="prometheus",method="get"} 7621
# HELP http_response_size_bytes The HTTP response sizes in bytes.
# TYPE http_response_size_bytes summary
http_response_size_bytes{handler="prometheus",quantile="0.5"} 4058
http_response_size_bytes{handler="prometheus",quantile="0.9"} 4066
http_response_size_bytes{handler="prometheus",quantile="0.99"} 4070
http_response_size_bytes_sum{handler="prometheus"} 3.109377e+07
http_response_size_bytes_count{handler="prometheus"} 7621
# HELP namedprocess_namegroup_context_switches_total Context switches
# TYPE namedprocess_namegroup_context_switches_total counter
namedprocess_namegroup_context_switches_total{ctxswitchtype="nonvoluntary",groupname="ceph-mgr@test01"} 0
namedprocess_namegroup_context_switches_total{ctxswitchtype="nonvoluntary",groupname="ceph-mon@test01"} 0
namedprocess_namegroup_context_switches_total{ctxswitchtype="nonvoluntary",groupname="ceph-osd@0"} 0
namedprocess_namegroup_context_switches_total{ctxswitchtype="nonvoluntary",groupname="ceph-radosgw@rgw.test01"} 0
namedprocess_namegroup_context_switches_total{ctxswitchtype="nonvoluntary",groupname="corosync"} 219
namedprocess_namegroup_context_switches_total{ctxswitchtype="nonvoluntary",groupname="ganesha.nfsd"} 0
namedprocess_namegroup_context_switches_total{ctxswitchtype="nonvoluntary",groupname="nginx -g daemon on; master_process on;"} 0
namedprocess_namegroup_context_switches_total{ctxswitchtype="nonvoluntary",groupname="nginx: master process nginx -g daemon off;"} 0
namedprocess_namegroup_context_switches_total{ctxswitchtype="nonvoluntary",groupname="nginx: worker process"} 1534
namedprocess_namegroup_context_switches_total{ctxswitchtype="nonvoluntary",groupname="node_exporter"} 495
namedprocess_namegroup_context_switches_total{ctxswitchtype="nonvoluntary",groupname="pacemakerd"} 19263
namedprocess_namegroup_context_switches_total{ctxswitchtype="nonvoluntary",groupname="prometheus"} 0
namedprocess_namegroup_context_switches_total{ctxswitchtype="voluntary",groupname="ceph-mgr@test01"} 1
namedprocess_namegroup_context_switches_total{ctxswitchtype="voluntary",groupname="ceph-mon@test01"} 1
namedprocess_namegroup_context_switches_total{ctxswitchtype="voluntary",groupname="ceph-osd@0"} 1
namedprocess_namegroup_context_switches_total{ctxswitchtype="voluntary",groupname="ceph-radosgw@rgw.test01"} 1
namedprocess_namegroup_context_switches_total{ctxswitchtype="voluntary",groupname="corosync"} 4.015609e+06
namedprocess_namegroup_context_switches_total{ctxswitchtype="voluntary",groupname="ganesha.nfsd"} 0
namedprocess_namegroup_context_switches_total{ctxswitchtype="voluntary",groupname="nginx -g daemon on; master_process on;"} 0
namedprocess_namegroup_context_switches_total{ctxswitchtype="voluntary",groupname="nginx: master process nginx -g daemon off;"} 0
namedprocess_namegroup_context_switches_total{ctxswitchtype="voluntary",groupname="nginx: worker process"} 731293
namedprocess_namegroup_context_switches_total{ctxswitchtype="voluntary",groupname="node_exporter"} 27685
namedprocess_namegroup_context_switches_total{ctxswitchtype="voluntary",groupname="pacemakerd"} 1.664283e+06
namedprocess_namegroup_context_switches_total{ctxswitchtype="voluntary",groupname="prometheus"} 0
# HELP namedprocess_namegroup_cpu_system_seconds_total Cpu system usage in seconds
# TYPE namedprocess_namegroup_cpu_system_seconds_total counter
namedprocess_namegroup_cpu_system_seconds_total{groupname="ceph-mgr@test01"} 110.81999999999994
namedprocess_namegroup_cpu_system_seconds_total{groupname="ceph-mon@test01"} 117.04999999999998
namedprocess_namegroup_cpu_system_seconds_total{groupname="ceph-osd@0"} 204.21000000000004
namedprocess_namegroup_cpu_system_seconds_total{groupname="ceph-radosgw@rgw.test01"} 165.55999999999995
namedprocess_namegroup_cpu_system_seconds_total{groupname="corosync"} 600.3800000000001
namedprocess_namegroup_cpu_system_seconds_total{groupname="ganesha.nfsd"} 74.72999999999996
namedprocess_namegroup_cpu_system_seconds_total{groupname="nginx -g daemon on; master_process on;"} 0
namedprocess_namegroup_cpu_system_seconds_total{groupname="nginx: master process nginx -g daemon off;"} 0
namedprocess_namegroup_cpu_system_seconds_total{groupname="nginx: worker process"} 46.27999999999927
namedprocess_namegroup_cpu_system_seconds_total{groupname="node_exporter"} 6.810000000000002
namedprocess_namegroup_cpu_system_seconds_total{groupname="pacemakerd"} 54.959999999999994
namedprocess_namegroup_cpu_system_seconds_total{groupname="prometheus"} 101.22000000000003
# HELP namedprocess_namegroup_cpu_user_seconds_total Cpu user usage in seconds
# TYPE namedprocess_namegroup_cpu_user_seconds_total counter
namedprocess_namegroup_cpu_user_seconds_total{groupname="ceph-mgr@test01"} 473.1500000000001
namedprocess_namegroup_cpu_user_seconds_total{groupname="ceph-mon@test01"} 172.27999999999997
namedprocess_namegroup_cpu_user_seconds_total{groupname="ceph-osd@0"} 293.82000000000016
namedprocess_namegroup_cpu_user_seconds_total{groupname="ceph-radosgw@rgw.test01"} 231.74
namedprocess_namegroup_cpu_user_seconds_total{groupname="corosync"} 456.3399999999997
namedprocess_namegroup_cpu_user_seconds_total{groupname="ganesha.nfsd"} 47.29000000000002
namedprocess_namegroup_cpu_user_seconds_total{groupname="nginx -g daemon on; master_process on;"} 0
namedprocess_namegroup_cpu_user_seconds_total{groupname="nginx: master process nginx -g daemon off;"} 0
namedprocess_namegroup_cpu_user_seconds_total{groupname="nginx: worker process"} 40.319999999999865
namedprocess_namegroup_cpu_user_seconds_total{groupname="node_exporter"} 49.05000000000018
namedprocess_namegroup_cpu_user_seconds_total{groupname="pacemakerd"} 40.679999999999986
namedprocess_namegroup_cpu_user_seconds_total{groupname="prometheus"} 361.22
# HELP namedprocess_namegroup_major_page_faults_total Major page faults
# TYPE namedprocess_namegroup_major_page_faults_total counter
namedprocess_namegroup_major_page_faults_total{groupname="ceph-mgr@test01"} 0
namedprocess_namegroup_major_page_faults_total{groupname="ceph-mon@test01"} 0
namedprocess_namegroup_major_page_faults_total{groupname="ceph-osd@0"} 0
namedprocess_namegroup_major_page_faults_total{groupname="ceph-radosgw@rgw.test01"} 0
namedprocess_namegroup_major_page_faults_total{groupname="corosync"} 0
namedprocess_namegroup_major_page_faults_total{groupname="ganesha.nfsd"} 0
namedprocess_namegroup_major_page_faults_total{groupname="nginx -g daemon on; master_process on;"} 0
namedprocess_namegroup_major_page_faults_total{groupname="nginx: master process nginx -g daemon off;"} 0
namedprocess_namegroup_major_page_faults_total{groupname="nginx: worker process"} 0
namedprocess_namegroup_major_page_faults_total{groupname="node_exporter"} 0
namedprocess_namegroup_major_page_faults_total{groupname="pacemakerd"} 0
namedprocess_namegroup_major_page_faults_total{groupname="prometheus"} 0
# HELP namedprocess_namegroup_memory_bytes number of bytes of memory in use
# TYPE namedprocess_namegroup_memory_bytes gauge
namedprocess_namegroup_memory_bytes{groupname="ceph-mgr@test01",memtype="resident"} 7.1450624e+07
namedprocess_namegroup_memory_bytes{groupname="ceph-mgr@test01",memtype="swapped"} 0
namedprocess_namegroup_memory_bytes{groupname="ceph-mgr@test01",memtype="virtual"} 7.8225408e+08
namedprocess_namegroup_memory_bytes{groupname="ceph-mon@test01",memtype="resident"} 1.96923392e+08
namedprocess_namegroup_memory_bytes{groupname="ceph-mon@test01",memtype="swapped"} 0
namedprocess_namegroup_memory_bytes{groupname="ceph-mon@test01",memtype="virtual"} 6.02763264e+08
namedprocess_namegroup_memory_bytes{groupname="ceph-osd@0",memtype="resident"} 4.18582528e+08
namedprocess_namegroup_memory_bytes{groupname="ceph-osd@0",memtype="swapped"} 0
namedprocess_namegroup_memory_bytes{groupname="ceph-osd@0",memtype="virtual"} 1.159745536e+09
namedprocess_namegroup_memory_bytes{groupname="ceph-radosgw@rgw.test01",memtype="resident"} 4.9983488e+07
namedprocess_namegroup_memory_bytes{groupname="ceph-radosgw@rgw.test01",memtype="swapped"} 0
namedprocess_namegroup_memory_bytes{groupname="ceph-radosgw@rgw.test01",memtype="virtual"} 1.849532416e+09
namedprocess_namegroup_memory_bytes{groupname="corosync",memtype="resident"} 9.838592e+07
namedprocess_namegroup_memory_bytes{groupname="corosync",memtype="swapped"} 0
namedprocess_namegroup_memory_bytes{groupname="corosync",memtype="virtual"} 2.01105408e+08
namedprocess_namegroup_memory_bytes{groupname="ganesha.nfsd",memtype="resident"} 4.114432e+07
namedprocess_namegroup_memory_bytes{groupname="ganesha.nfsd",memtype="swapped"} 0
namedprocess_namegroup_memory_bytes{groupname="ganesha.nfsd",memtype="virtual"} 3.301040128e+09
namedprocess_namegroup_memory_bytes{groupname="nginx -g daemon on; master_process on;",memtype="resident"} 2.891776e+06
namedprocess_namegroup_memory_bytes{groupname="nginx -g daemon on; master_process on;",memtype="swapped"} 0
namedprocess_namegroup_memory_bytes{groupname="nginx -g daemon on; master_process on;",memtype="virtual"} 4.9364992e+07
namedprocess_namegroup_memory_bytes{groupname="nginx: master process nginx -g daemon off;",memtype="resident"} 1.601536e+06
namedprocess_namegroup_memory_bytes{groupname="nginx: master process nginx -g daemon off;",memtype="swapped"} 0
namedprocess_namegroup_memory_bytes{groupname="nginx: master process nginx -g daemon off;",memtype="virtual"} 3.3390592e+07
namedprocess_namegroup_memory_bytes{groupname="nginx: worker process",memtype="resident"} 6.6371584e+07
namedprocess_namegroup_memory_bytes{groupname="nginx: worker process",memtype="swapped"} 0
namedprocess_namegroup_memory_bytes{groupname="nginx: worker process",memtype="virtual"} 4.36748288e+08
namedprocess_namegroup_memory_bytes{groupname="node_exporter",memtype="resident"} 0
namedprocess_namegroup_memory_bytes{groupname="node_exporter",memtype="swapped"} 0
namedprocess_namegroup_memory_bytes{groupname="node_exporter",memtype="virtual"} 0
namedprocess_namegroup_memory_bytes{groupname="pacemakerd",memtype="resident"} 1.13979392e+08
namedprocess_namegroup_memory_bytes{groupname="pacemakerd",memtype="swapped"} 0
namedprocess_namegroup_memory_bytes{groupname="pacemakerd",memtype="virtual"} 8.67545088e+08
namedprocess_namegroup_memory_bytes{groupname="prometheus",memtype="resident"} 9.3184e+07
namedprocess_namegroup_memory_bytes{groupname="prometheus",memtype="swapped"} 0
namedprocess_namegroup_memory_bytes{groupname="prometheus",memtype="virtual"} 4.95210496e+08
# HELP namedprocess_namegroup_minor_page_faults_total Minor page faults
# TYPE namedprocess_namegroup_minor_page_faults_total counter
namedprocess_namegroup_minor_page_faults_total{groupname="ceph-mgr@test01"} 171101
namedprocess_namegroup_minor_page_faults_total{groupname="ceph-mon@test01"} 12857
namedprocess_namegroup_minor_page_faults_total{groupname="ceph-osd@0"} 153
namedprocess_namegroup_minor_page_faults_total{groupname="ceph-radosgw@rgw.test01"} 10
namedprocess_namegroup_minor_page_faults_total{groupname="corosync"} 1.031685e+06
namedprocess_namegroup_minor_page_faults_total{groupname="ganesha.nfsd"} 0
namedprocess_namegroup_minor_page_faults_total{groupname="nginx -g daemon on; master_process on;"} 0
namedprocess_namegroup_minor_page_faults_total{groupname="nginx: master process nginx -g daemon off;"} 0
namedprocess_namegroup_minor_page_faults_total{groupname="nginx: worker process"} 1963
namedprocess_namegroup_minor_page_faults_total{groupname="node_exporter"} 1942
namedprocess_namegroup_minor_page_faults_total{groupname="pacemakerd"} 1.581795e+06
namedprocess_namegroup_minor_page_faults_total{groupname="prometheus"} 146229
# HELP namedprocess_namegroup_num_procs number of processes in this group
# TYPE namedprocess_namegroup_num_procs gauge
namedprocess_namegroup_num_procs{groupname="ceph-mgr@test01"} 1
namedprocess_namegroup_num_procs{groupname="ceph-mon@test01"} 1
namedprocess_namegroup_num_procs{groupname="ceph-osd@0"} 1
namedprocess_namegroup_num_procs{groupname="ceph-radosgw@rgw.test01"} 1
namedprocess_namegroup_num_procs{groupname="corosync"} 1
namedprocess_namegroup_num_procs{groupname="ganesha.nfsd"} 1
namedprocess_namegroup_num_procs{groupname="nginx -g daemon on; master_process on;"} 1
namedprocess_namegroup_num_procs{groupname="nginx: master process nginx -g daemon off;"} 1
namedprocess_namegroup_num_procs{groupname="nginx: worker process"} 9
namedprocess_namegroup_num_procs{groupname="node_exporter"} 0
namedprocess_namegroup_num_procs{groupname="pacemakerd"} 7
namedprocess_namegroup_num_procs{groupname="prometheus"} 1
# HELP namedprocess_namegroup_num_threads Number of threads
# TYPE namedprocess_namegroup_num_threads gauge
namedprocess_namegroup_num_threads{groupname="ceph-mgr@test01"} 36
namedprocess_namegroup_num_threads{groupname="ceph-mon@test01"} 23
namedprocess_namegroup_num_threads{groupname="ceph-osd@0"} 58
namedprocess_namegroup_num_threads{groupname="ceph-radosgw@rgw.test01"} 181
namedprocess_namegroup_num_threads{groupname="corosync"} 2
namedprocess_namegroup_num_threads{groupname="ganesha.nfsd"} 277
namedprocess_namegroup_num_threads{groupname="nginx -g daemon on; master_process on;"} 1
namedprocess_namegroup_num_threads{groupname="nginx: master process nginx -g daemon off;"} 1
namedprocess_namegroup_num_threads{groupname="nginx: worker process"} 9
namedprocess_namegroup_num_threads{groupname="node_exporter"} 0
namedprocess_namegroup_num_threads{groupname="pacemakerd"} 7
namedprocess_namegroup_num_threads{groupname="prometheus"} 17
# HELP namedprocess_namegroup_oldest_start_time_seconds start time in seconds since 1970/01/01 of oldest process in group
# TYPE namedprocess_namegroup_oldest_start_time_seconds gauge
namedprocess_namegroup_oldest_start_time_seconds{groupname="ceph-mgr@test01"} 1.539347832e+09
namedprocess_namegroup_oldest_start_time_seconds{groupname="ceph-mon@test01"} 1.540047905e+09
namedprocess_namegroup_oldest_start_time_seconds{groupname="ceph-osd@0"} 1.539347901e+09
namedprocess_namegroup_oldest_start_time_seconds{groupname="ceph-radosgw@rgw.test01"} 1.539347978e+09
namedprocess_namegroup_oldest_start_time_seconds{groupname="corosync"} 1.539348262e+09
namedprocess_namegroup_oldest_start_time_seconds{groupname="ganesha.nfsd"} 1.539514867e+09
namedprocess_namegroup_oldest_start_time_seconds{groupname="nginx -g daemon on; master_process on;"} 1.540281182e+09
namedprocess_namegroup_oldest_start_time_seconds{groupname="nginx: master process nginx -g daemon off;"} 1.539346826e+09
namedprocess_namegroup_oldest_start_time_seconds{groupname="nginx: worker process"} 1.539346826e+09
namedprocess_namegroup_oldest_start_time_seconds{groupname="node_exporter"} -6.21355968e+10
namedprocess_namegroup_oldest_start_time_seconds{groupname="pacemakerd"} 1.539348263e+09
namedprocess_namegroup_oldest_start_time_seconds{groupname="prometheus"} 1.539920843e+09
# HELP namedprocess_namegroup_open_filedesc number of open file descriptors for this group
# TYPE namedprocess_namegroup_open_filedesc gauge
namedprocess_namegroup_open_filedesc{groupname="ceph-mgr@test01"} 65
namedprocess_namegroup_open_filedesc{groupname="ceph-mon@test01"} 34
namedprocess_namegroup_open_filedesc{groupname="ceph-osd@0"} 52
namedprocess_namegroup_open_filedesc{groupname="ceph-radosgw@rgw.test01"} 43
namedprocess_namegroup_open_filedesc{groupname="corosync"} 26
namedprocess_namegroup_open_filedesc{groupname="ganesha.nfsd"} 24
namedprocess_namegroup_open_filedesc{groupname="nginx -g daemon on; master_process on;"} 23
namedprocess_namegroup_open_filedesc{groupname="nginx: master process nginx -g daemon off;"} 10
namedprocess_namegroup_open_filedesc{groupname="nginx: worker process"} 149
namedprocess_namegroup_open_filedesc{groupname="node_exporter"} 0
namedprocess_namegroup_open_filedesc{groupname="pacemakerd"} 81
namedprocess_namegroup_open_filedesc{groupname="prometheus"} 36
# HELP namedprocess_namegroup_read_bytes_total number of bytes read by this group
# TYPE namedprocess_namegroup_read_bytes_total counter
namedprocess_namegroup_read_bytes_total{groupname="ceph-mgr@test01"} 0
namedprocess_namegroup_read_bytes_total{groupname="ceph-mon@test01"} 0
namedprocess_namegroup_read_bytes_total{groupname="ceph-osd@0"} 1.490944e+06
namedprocess_namegroup_read_bytes_total{groupname="ceph-radosgw@rgw.test01"} 0
namedprocess_namegroup_read_bytes_total{groupname="corosync"} 0
namedprocess_namegroup_read_bytes_total{groupname="ganesha.nfsd"} 0
namedprocess_namegroup_read_bytes_total{groupname="nginx -g daemon on; master_process on;"} 0
namedprocess_namegroup_read_bytes_total{groupname="nginx: master process nginx -g daemon off;"} 0
namedprocess_namegroup_read_bytes_total{groupname="nginx: worker process"} 0
namedprocess_namegroup_read_bytes_total{groupname="node_exporter"} 0
namedprocess_namegroup_read_bytes_total{groupname="pacemakerd"} 0
namedprocess_namegroup_read_bytes_total{groupname="prometheus"} 0
# HELP namedprocess_namegroup_states Number of processes in states Running, Sleeping, Waiting, Zombie, or Other
# TYPE namedprocess_namegroup_states gauge
namedprocess_namegroup_states{groupname="ceph-mgr@test01",state="Other"} 0
namedprocess_namegroup_states{groupname="ceph-mgr@test01",state="Running"} 0
namedprocess_namegroup_states{groupname="ceph-mgr@test01",state="Sleeping"} 1
namedprocess_namegroup_states{groupname="ceph-mgr@test01",state="Waiting"} 0
namedprocess_namegroup_states{groupname="ceph-mgr@test01",state="Zombie"} 0
namedprocess_namegroup_states{groupname="ceph-mon@test01",state="Other"} 0
namedprocess_namegroup_states{groupname="ceph-mon@test01",state="Running"} 0
namedprocess_namegroup_states{groupname="ceph-mon@test01",state="Sleeping"} 1
namedprocess_namegroup_states{groupname="ceph-mon@test01",state="Waiting"} 0
namedprocess_namegroup_states{groupname="ceph-mon@test01",state="Zombie"} 0
namedprocess_namegroup_states{groupname="ceph-osd@0",state="Other"} 0
namedprocess_namegroup_states{groupname="ceph-osd@0",state="Running"} 0
namedprocess_namegroup_states{groupname="ceph-osd@0",state="Sleeping"} 1
namedprocess_namegroup_states{groupname="ceph-osd@0",state="Waiting"} 0
namedprocess_namegroup_states{groupname="ceph-osd@0",state="Zombie"} 0
namedprocess_namegroup_states{groupname="ceph-radosgw@rgw.test01",state="Other"} 0
namedprocess_namegroup_states{groupname="ceph-radosgw@rgw.test01",state="Running"} 0
namedprocess_namegroup_states{groupname="ceph-radosgw@rgw.test01",state="Sleeping"} 1
namedprocess_namegroup_states{groupname="ceph-radosgw@rgw.test01",state="Waiting"} 0
namedprocess_namegroup_states{groupname="ceph-radosgw@rgw.test01",state="Zombie"} 0
namedprocess_namegroup_states{groupname="corosync",state="Other"} 0
namedprocess_namegroup_states{groupname="corosync",state="Running"} 0
namedprocess_namegroup_states{groupname="corosync",state="Sleeping"} 1
namedprocess_namegroup_states{groupname="corosync",state="Waiting"} 0
namedprocess_namegroup_states{groupname="corosync",state="Zombie"} 0
namedprocess_namegroup_states{groupname="ganesha.nfsd",state="Other"} 0
namedprocess_namegroup_states{groupname="ganesha.nfsd",state="Running"} 0
namedprocess_namegroup_states{groupname="ganesha.nfsd",state="Sleeping"} 1
namedprocess_namegroup_states{groupname="ganesha.nfsd",state="Waiting"} 0
namedprocess_namegroup_states{groupname="ganesha.nfsd",state="Zombie"} 0
namedprocess_namegroup_states{groupname="nginx -g daemon on; master_process on;",state="Other"} 0
namedprocess_namegroup_states{groupname="nginx -g daemon on; master_process on;",state="Running"} 0
namedprocess_namegroup_states{groupname="nginx -g daemon on; master_process on;",state="Sleeping"} 1
namedprocess_namegroup_states{groupname="nginx -g daemon on; master_process on;",state="Waiting"} 0
namedprocess_namegroup_states{groupname="nginx -g daemon on; master_process on;",state="Zombie"} 0
namedprocess_namegroup_states{groupname="nginx: master process nginx -g daemon off;",state="Other"} 0
namedprocess_namegroup_states{groupname="nginx: master process nginx -g daemon off;",state="Running"} 0
namedprocess_namegroup_states{groupname="nginx: master process nginx -g daemon off;",state="Sleeping"} 1
namedprocess_namegroup_states{groupname="nginx: master process nginx -g daemon off;",state="Waiting"} 0
namedprocess_namegroup_states{groupname="nginx: master process nginx -g daemon off;",state="Zombie"} 0
namedprocess_namegroup_states{groupname="nginx: worker process",state="Other"} 0
namedprocess_namegroup_states{groupname="nginx: worker process",state="Running"} 0
namedprocess_namegroup_states{groupname="nginx: worker process",state="Sleeping"} 9
namedprocess_namegroup_states{groupname="nginx: worker process",state="Waiting"} 0
namedprocess_namegroup_states{groupname="nginx: worker process",state="Zombie"} 0
namedprocess_namegroup_states{groupname="node_exporter",state="Other"} 0
namedprocess_namegroup_states{groupname="node_exporter",state="Running"} 0
namedprocess_namegroup_states{groupname="node_exporter",state="Sleeping"} 0
namedprocess_namegroup_states{groupname="node_exporter",state="Waiting"} 0
namedprocess_namegroup_states{groupname="node_exporter",state="Zombie"} 0
namedprocess_namegroup_states{groupname="pacemakerd",state="Other"} 0
namedprocess_namegroup_states{groupname="pacemakerd",state="Running"} 0
namedprocess_namegroup_states{groupname="pacemakerd",state="Sleeping"} 7
namedprocess_namegroup_states{groupname="pacemakerd",state="Waiting"} 0
namedprocess_namegroup_states{groupname="pacemakerd",state="Zombie"} 0
namedprocess_namegroup_states{groupname="prometheus",state="Other"} 0
namedprocess_namegroup_states{groupname="prometheus",state="Running"} 0
namedprocess_namegroup_states{groupname="prometheus",state="Sleeping"} 1
namedprocess_namegroup_states{groupname="prometheus",state="Waiting"} 0
namedprocess_namegroup_states{groupname="prometheus",state="Zombie"} 0
# HELP namedprocess_namegroup_worst_fd_ratio the worst (closest to 1) ratio between open fds and max fds among all procs in this group
# TYPE namedprocess_namegroup_worst_fd_ratio gauge
namedprocess_namegroup_worst_fd_ratio{groupname="ceph-mgr@test01"} 6.198883056640625e-05
namedprocess_namegroup_worst_fd_ratio{groupname="ceph-mon@test01"} 3.24249267578125e-05
namedprocess_namegroup_worst_fd_ratio{groupname="ceph-osd@0"} 4.9591064453125e-05
namedprocess_namegroup_worst_fd_ratio{groupname="ceph-radosgw@rgw.test01"} 4.100799560546875e-05
namedprocess_namegroup_worst_fd_ratio{groupname="corosync"} 0.025390625
namedprocess_namegroup_worst_fd_ratio{groupname="ganesha.nfsd"} 2.288818359375e-05
namedprocess_namegroup_worst_fd_ratio{groupname="nginx -g daemon on; master_process on;"} 0.0224609375
namedprocess_namegroup_worst_fd_ratio{groupname="nginx: master process nginx -g daemon off;"} 0.000152587890625
namedprocess_namegroup_worst_fd_ratio{groupname="nginx: worker process"} 0.017578125
namedprocess_namegroup_worst_fd_ratio{groupname="node_exporter"} 0
namedprocess_namegroup_worst_fd_ratio{groupname="pacemakerd"} 0.0146484375
namedprocess_namegroup_worst_fd_ratio{groupname="prometheus"} 0.00054931640625
# HELP namedprocess_namegroup_write_bytes_total number of bytes written by this group
# TYPE namedprocess_namegroup_write_bytes_total counter
namedprocess_namegroup_write_bytes_total{groupname="ceph-mgr@test01"} 2.4866816e+07
namedprocess_namegroup_write_bytes_total{groupname="ceph-mon@test01"} 6.514835456e+09
namedprocess_namegroup_write_bytes_total{groupname="ceph-osd@0"} 8.68327424e+08
namedprocess_namegroup_write_bytes_total{groupname="ceph-radosgw@rgw.test01"} 8.1158144e+07
namedprocess_namegroup_write_bytes_total{groupname="corosync"} 0
namedprocess_namegroup_write_bytes_total{groupname="ganesha.nfsd"} 0
namedprocess_namegroup_write_bytes_total{groupname="nginx -g daemon on; master_process on;"} 0
namedprocess_namegroup_write_bytes_total{groupname="nginx: master process nginx -g daemon off;"} 0
namedprocess_namegroup_write_bytes_total{groupname="nginx: worker process"} 1.9984384e+07
namedprocess_namegroup_write_bytes_total{groupname="node_exporter"} 0
namedprocess_namegroup_write_bytes_total{groupname="pacemakerd"} 5.279744e+06
namedprocess_namegroup_write_bytes_total{groupname="prometheus"} 6.92375552e+08
# HELP namedprocess_scrape_errors general scrape errors: no proc metrics collected during a cycle
# TYPE namedprocess_scrape_errors counter
namedprocess_scrape_errors 0
# HELP namedprocess_scrape_partial_errors incremented each time a tracked proc's metrics collection fails partially, e.g. unreadable I/O stats
# TYPE namedprocess_scrape_partial_errors counter
namedprocess_scrape_partial_errors 0
# HELP namedprocess_scrape_procread_errors incremented each time a proc's metrics collection fails
# TYPE namedprocess_scrape_procread_errors counter
namedprocess_scrape_procread_errors 0
# HELP process_cpu_seconds_total Total user and system CPU time spent in seconds.
# TYPE process_cpu_seconds_total counter
process_cpu_seconds_total 168.85
# HELP process_max_fds Maximum number of open file descriptors.
# TYPE process_max_fds gauge
process_max_fds 1024
# HELP process_open_fds Number of open file descriptors.
# TYPE process_open_fds gauge
process_open_fds 9
# HELP process_resident_memory_bytes Resident memory size in bytes.
# TYPE process_resident_memory_bytes gauge
process_resident_memory_bytes 1.6601088e+07
# HELP process_start_time_seconds Start time of the process since unix epoch in seconds.
# TYPE process_start_time_seconds gauge
process_start_time_seconds 1.54026428854e+09
# HELP process_virtual_memory_bytes Virtual memory size in bytes.
# TYPE process_virtual_memory_bytes gauge
process_virtual_memory_bytes 3.0414848e+08
